2025-01-14 08:32:43,574:INFO:PyCaret Supervised Module
2025-01-14 08:32:43,575:INFO:ML Usecase: classification
2025-01-14 08:32:43,575:INFO:version 2.3.10
2025-01-14 08:32:43,575:INFO:Initializing setup()
2025-01-14 08:32:43,575:INFO:setup(target=outcome, ml_usecase=classification, available_plots={'parameter': 'Hyperparameters', 'auc': 'AUC', 'confusion_matrix': 'Confusion Matrix', 'threshold': 'Threshold', 'pr': 'Precision Recall', 'error': 'Prediction Error', 'class_report': 'Class Report', 'rfe': 'Feature Selection', 'learning': 'Learning Curve', 'manifold': 'Manifold Learning', 'calibration': 'Calibration Curve', 'vc': 'Validation Curve', 'dimension': 'Dimensions', 'feature': 'Feature Importance', 'feature_all': 'Feature Importance (All)', 'boundary': 'Decision Boundary', 'lift': 'Lift Chart', 'gain': 'Gain Chart', 'tree': 'Decision Tree', 'ks': 'KS Statistic Plot'}, train_size=0.7, test_data=None, preprocess=True, imputation_type=simple, iterative_imputation_iters=5, categorical_features=['age', 'document_sexo', 'UTI'], categorical_imputation=constant, categorical_iterative_imputer=lightgbm, ordinal_features=None, high_cardinality_features=None, high_cardinality_method=frequency, numeric_features=['document.freq_cardiaca(t)', 'document.freq_cardiaca(t-1)', 'document.freq_cardiaca(t-2)', 'document.freq_cardiaca(t-3)', 'document.freq_cardiaca(t-4)', 'document.freq_respiratoria(t)', 'document.freq_respiratoria(t-1)', 'document.freq_respiratoria(t-2)', 'document.freq_respiratoria(t-3)', 'document.freq_respiratoria(t-4)', 'document.glicemia_capilar(t)', 'document.glicemia_capilar(t-1)', 'document.glicemia_capilar(t-2)', 'document.glicemia_capilar(t-3)', 'document.glicemia_capilar(t-4)', 'document.pa_diastolica(t)', 'document.pa_diastolica(t-1)', 'document.pa_diastolica(t-2)', 'document.pa_diastolica(t-3)', 'document.pa_diastolica(t-4)', 'document.pa_sistolica(t)', 'document.pa_sistolica(t-1)', 'document.pa_sistolica(t-2)', 'document.pa_sistolica(t-3)', 'document.pa_sistolica(t-4)', 'document.sat_o2(t)', 'document.sat_o2(t-1)', 'document.sat_o2(t-2)', 'document.sat_o2(t-3)', 'document.sat_o2(t-4)', 'document.temperatura(t)', 'document.temperatura(t-1)', 'document.temperatura(t-2)', 'document.temperatura(t-3)', 'document.temperatura(t-4)', 'delta_document.freq_cardiaca_t-t1', 'delta_document.freq_cardiaca_t1-t2', 'delta_document.freq_cardiaca_t2-t3', 'delta_document.freq_cardiaca_t3-t4', 'delta_document.freq_respiratoria_t-t1', 'delta_document.freq_respiratoria_t1-t2', 'delta_document.freq_respiratoria_t2-t3', 'delta_document.freq_respiratoria_t3-t4', 'delta_document.glicemia_capilar_t-t1', 'delta_document.glicemia_capilar_t1-t2', 'delta_document.glicemia_capilar_t2-t3', 'delta_document.glicemia_capilar_t3-t4', 'delta_document.pa_diastolica_t-t1', 'delta_document.pa_diastolica_t1-t2', 'delta_document.pa_diastolica_t2-t3', 'delta_document.pa_diastolica_t3-t4', 'delta_document.pa_sistolica_t-t1', 'delta_document.pa_sistolica_t1-t2', 'delta_document.pa_sistolica_t2-t3', 'delta_document.pa_sistolica_t3-t4', 'delta_document.sat_o2_t-t1', 'delta_document.sat_o2_t1-t2', 'delta_document.sat_o2_t2-t3', 'delta_document.sat_o2_t3-t4', 'delta_document.temperatura_t-t1', 'delta_document.temperatura_t1-t2', 'delta_document.temperatura_t2-t3', 'delta_document.temperatura_t3-t4'], numeric_imputation=mean, numeric_iterative_imputer=lightgbm, date_features=None, ignore_features=['delta_collect_timestamp_t-t1', 'delta_collect_timestamp_t1-t2', 'delta_collect_timestamp_t2-t3', 'delta_collect_timestamp_t3-t4'], normalize=True, normalize_method=minmax, transformation=False, transformation_method=yeo-johnson, handle_unknown_categorical=True, unknown_categorical_method=least_frequent, pca=False, pca_method=linear, pca_components=None, ignore_low_variance=False, combine_rare_levels=False, rare_level_threshold=0.1, bin_numeric_features=None, remove_outliers=False, outliers_threshold=0.05, remove_multicollinearity=False, multicollinearity_threshold=0.9, remove_perfect_collinearity=True, create_clusters=False, cluster_iter=20, polynomial_features=False, polynomial_degree=2, trigonometry_features=False, polynomial_threshold=0.1, group_features=None, group_names=None, feature_selection=False, feature_selection_threshold=0.8, feature_selection_method=classic, feature_interaction=False, feature_ratio=False, interaction_threshold=0.01, fix_imbalance=False, fix_imbalance_method=None, transform_target=False, transform_target_method=box-cox, data_split_shuffle=True, data_split_stratify=False, fold_strategy=stratifiedkfold, fold=10, fold_shuffle=False, fold_groups=None, n_jobs=-1, use_gpu=False, custom_pipeline=None, html=True, session_id=111, log_experiment=False, experiment_name=None, experiment_custom_tags=None, log_plots=False, log_profile=False, log_data=False, silent=False, verbose=True, profile=False, profile_kwargs=None, display=None)
2025-01-14 08:32:43,575:INFO:Checking environment
2025-01-14 08:32:43,575:INFO:python_version: 3.8.10
2025-01-14 08:32:43,575:INFO:python_build: ('default', 'May 11 2021 07:01:05')
2025-01-14 08:32:43,575:INFO:machine: x86_64
2025-01-14 08:32:43,598:INFO:platform: Linux-5.4.0-172-generic-x86_64-with-glibc2.10
2025-01-14 08:32:43,599:INFO:Memory: svmem(total=202618376192, available=197646520320, percent=2.5, used=2510397440, free=131650277376, active=12614250496, inactive=54801534976, buffers=478232576, cached=67979468800, shared=644497408, slab=3250388992)
2025-01-14 08:32:43,599:INFO:Physical Core: 12
2025-01-14 08:32:43,599:INFO:Logical Core: 24
2025-01-14 08:32:43,599:INFO:Checking libraries
2025-01-14 08:32:43,599:INFO:pd==1.3.5
2025-01-14 08:32:43,599:INFO:numpy==1.19.5
2025-01-14 08:32:43,599:INFO:sklearn==0.23.2
2025-01-14 08:32:43,599:INFO:lightgbm==4.5.0
2025-01-14 08:32:43,657:INFO:catboost==1.2.7
2025-01-14 08:32:43,657:INFO:xgboost==1.5.2
2025-01-14 08:32:43,657:INFO:mlflow==2.17.2
2025-01-14 08:32:43,657:INFO:Checking Exceptions
2025-01-14 08:34:11,422:INFO:PyCaret Supervised Module
2025-01-14 08:34:11,423:INFO:ML Usecase: classification
2025-01-14 08:34:11,423:INFO:version 2.3.10
2025-01-14 08:34:11,423:INFO:Initializing setup()
2025-01-14 08:34:11,423:INFO:setup(target=outcome, ml_usecase=classification, available_plots={'parameter': 'Hyperparameters', 'auc': 'AUC', 'confusion_matrix': 'Confusion Matrix', 'threshold': 'Threshold', 'pr': 'Precision Recall', 'error': 'Prediction Error', 'class_report': 'Class Report', 'rfe': 'Feature Selection', 'learning': 'Learning Curve', 'manifold': 'Manifold Learning', 'calibration': 'Calibration Curve', 'vc': 'Validation Curve', 'dimension': 'Dimensions', 'feature': 'Feature Importance', 'feature_all': 'Feature Importance (All)', 'boundary': 'Decision Boundary', 'lift': 'Lift Chart', 'gain': 'Gain Chart', 'tree': 'Decision Tree', 'ks': 'KS Statistic Plot'}, train_size=0.7, test_data=None, preprocess=True, imputation_type=simple, iterative_imputation_iters=5, categorical_features=['age', 'document.sexo', 'UTI'], categorical_imputation=constant, categorical_iterative_imputer=lightgbm, ordinal_features=None, high_cardinality_features=None, high_cardinality_method=frequency, numeric_features=['document.freq_cardiaca(t)', 'document.freq_cardiaca(t-1)', 'document.freq_cardiaca(t-2)', 'document.freq_cardiaca(t-3)', 'document.freq_cardiaca(t-4)', 'document.freq_respiratoria(t)', 'document.freq_respiratoria(t-1)', 'document.freq_respiratoria(t-2)', 'document.freq_respiratoria(t-3)', 'document.freq_respiratoria(t-4)', 'document.glicemia_capilar(t)', 'document.glicemia_capilar(t-1)', 'document.glicemia_capilar(t-2)', 'document.glicemia_capilar(t-3)', 'document.glicemia_capilar(t-4)', 'document.pa_diastolica(t)', 'document.pa_diastolica(t-1)', 'document.pa_diastolica(t-2)', 'document.pa_diastolica(t-3)', 'document.pa_diastolica(t-4)', 'document.pa_sistolica(t)', 'document.pa_sistolica(t-1)', 'document.pa_sistolica(t-2)', 'document.pa_sistolica(t-3)', 'document.pa_sistolica(t-4)', 'document.sat_o2(t)', 'document.sat_o2(t-1)', 'document.sat_o2(t-2)', 'document.sat_o2(t-3)', 'document.sat_o2(t-4)', 'document.temperatura(t)', 'document.temperatura(t-1)', 'document.temperatura(t-2)', 'document.temperatura(t-3)', 'document.temperatura(t-4)', 'delta_document.freq_cardiaca_t-t1', 'delta_document.freq_cardiaca_t1-t2', 'delta_document.freq_cardiaca_t2-t3', 'delta_document.freq_cardiaca_t3-t4', 'delta_document.freq_respiratoria_t-t1', 'delta_document.freq_respiratoria_t1-t2', 'delta_document.freq_respiratoria_t2-t3', 'delta_document.freq_respiratoria_t3-t4', 'delta_document.glicemia_capilar_t-t1', 'delta_document.glicemia_capilar_t1-t2', 'delta_document.glicemia_capilar_t2-t3', 'delta_document.glicemia_capilar_t3-t4', 'delta_document.pa_diastolica_t-t1', 'delta_document.pa_diastolica_t1-t2', 'delta_document.pa_diastolica_t2-t3', 'delta_document.pa_diastolica_t3-t4', 'delta_document.pa_sistolica_t-t1', 'delta_document.pa_sistolica_t1-t2', 'delta_document.pa_sistolica_t2-t3', 'delta_document.pa_sistolica_t3-t4', 'delta_document.sat_o2_t-t1', 'delta_document.sat_o2_t1-t2', 'delta_document.sat_o2_t2-t3', 'delta_document.sat_o2_t3-t4', 'delta_document.temperatura_t-t1', 'delta_document.temperatura_t1-t2', 'delta_document.temperatura_t2-t3', 'delta_document.temperatura_t3-t4'], numeric_imputation=mean, numeric_iterative_imputer=lightgbm, date_features=None, ignore_features=['delta_collect_timestamp_t-t1', 'delta_collect_timestamp_t1-t2', 'delta_collect_timestamp_t2-t3', 'delta_collect_timestamp_t3-t4'], normalize=True, normalize_method=minmax, transformation=False, transformation_method=yeo-johnson, handle_unknown_categorical=True, unknown_categorical_method=least_frequent, pca=False, pca_method=linear, pca_components=None, ignore_low_variance=False, combine_rare_levels=False, rare_level_threshold=0.1, bin_numeric_features=None, remove_outliers=False, outliers_threshold=0.05, remove_multicollinearity=False, multicollinearity_threshold=0.9, remove_perfect_collinearity=True, create_clusters=False, cluster_iter=20, polynomial_features=False, polynomial_degree=2, trigonometry_features=False, polynomial_threshold=0.1, group_features=None, group_names=None, feature_selection=False, feature_selection_threshold=0.8, feature_selection_method=classic, feature_interaction=False, feature_ratio=False, interaction_threshold=0.01, fix_imbalance=False, fix_imbalance_method=None, transform_target=False, transform_target_method=box-cox, data_split_shuffle=True, data_split_stratify=False, fold_strategy=stratifiedkfold, fold=10, fold_shuffle=False, fold_groups=None, n_jobs=-1, use_gpu=False, custom_pipeline=None, html=True, session_id=111, log_experiment=False, experiment_name=None, experiment_custom_tags=None, log_plots=False, log_profile=False, log_data=False, silent=False, verbose=True, profile=False, profile_kwargs=None, display=None)
2025-01-14 08:34:11,423:INFO:Checking environment
2025-01-14 08:34:11,423:INFO:python_version: 3.8.10
2025-01-14 08:34:11,423:INFO:python_build: ('default', 'May 11 2021 07:01:05')
2025-01-14 08:34:11,423:INFO:machine: x86_64
2025-01-14 08:34:11,423:INFO:platform: Linux-5.4.0-172-generic-x86_64-with-glibc2.10
2025-01-14 08:34:11,423:INFO:Memory: svmem(total=202618376192, available=197630324736, percent=2.5, used=2526605312, free=131634057216, active=12633808896, inactive=54801526784, buffers=478232576, cached=67979481088, shared=644501504, slab=3249512448)
2025-01-14 08:34:11,424:INFO:Physical Core: 12
2025-01-14 08:34:11,424:INFO:Logical Core: 24
2025-01-14 08:34:11,424:INFO:Checking libraries
2025-01-14 08:34:11,424:INFO:pd==1.3.5
2025-01-14 08:34:11,424:INFO:numpy==1.19.5
2025-01-14 08:34:11,424:INFO:sklearn==0.23.2
2025-01-14 08:34:11,424:INFO:lightgbm==4.5.0
2025-01-14 08:34:11,424:INFO:catboost==1.2.7
2025-01-14 08:34:11,424:INFO:xgboost==1.5.2
2025-01-14 08:34:11,424:INFO:mlflow==2.17.2
2025-01-14 08:34:11,424:INFO:Checking Exceptions
2025-01-14 08:34:11,424:INFO:Declaring global variables
2025-01-14 08:34:11,424:INFO:USI: 8ae7
2025-01-14 08:34:11,424:INFO:pycaret_globals: {'_available_plots', 'create_model_container', 'y_test', 'html_param', 'gpu_param', 'n_jobs_param', 'fold_shuffle_param', 'X_train', 'imputation_regressor', 'display_container', 'y_train', 'master_model_container', 'transform_target_param', '_all_models', 'fold_groups_param', 'experiment__', 'fix_imbalance_param', 'X', 'pycaret_globals', 'stratify_param', '_all_models_internal', 'logging_param', 'seed', 'fold_generator', 'prep_pipe', 'imputation_classifier', 'fold_groups_param_full', '_all_metrics', 'data_before_preprocess', 'log_plots_param', '_internal_pipeline', 'dashboard_logger', 'exp_name_log', 'fold_param', 'y', 'fix_imbalance_method_param', 'iterative_imputation_iters_param', '_ml_usecase', 'X_test', '_gpu_n_jobs_param', 'USI', 'target_param', 'transform_target_method_param'}
2025-01-14 08:34:11,424:INFO:Preparing display monitor
2025-01-14 08:34:11,424:INFO:Preparing display monitor
2025-01-14 08:34:11,434:INFO:Importing libraries
2025-01-14 08:34:11,434:INFO:Copying data for preprocessing
2025-01-14 08:34:11,442:INFO:Declaring preprocessing parameters
2025-01-14 08:34:11,448:INFO:Creating preprocessing pipeline
2025-01-14 08:34:11,463:INFO:Preprocessing pipeline created successfully
2025-01-14 08:34:11,463:ERROR:(Process Exit): setup has been interupted with user command 'quit'. setup must rerun.
2025-01-14 08:34:11,463:INFO:Creating global containers
2025-01-14 08:34:11,464:INFO:Internal pipeline: Pipeline(memory=None, steps=[('empty_step', 'passthrough')], verbose=False)
2025-01-14 08:34:25,053:INFO:Creating grid variables
2025-01-14 08:34:25,066:INFO:create_model_container: 0
2025-01-14 08:34:25,066:INFO:master_model_container: 0
2025-01-14 08:34:25,066:INFO:display_container: 1
2025-01-14 08:34:25,070:INFO:Pipeline(memory=None,
         steps=[('dtypes',
                 DataTypes_Auto_infer(categorical_features=['age',
                                                            'document.sexo',
                                                            'UTI'],
                                      display_types=True,
                                      features_todrop=['delta_collect_timestamp_t-t1',
                                                       'delta_collect_timestamp_t1-t2',
                                                       'delta_collect_timestamp_t2-t3',
                                                       'delta_collect_timestamp_t3-t4'],
                                      id_columns=['Unnamed: 0'],
                                      ml_usecase='classification',
                                      numerical_features=['do...
                ('P_transform', 'passthrough'), ('binn', 'passthrough'),
                ('rem_outliers', 'passthrough'), ('cluster_all', 'passthrough'),
                ('dummy', Dummify(target='outcome')),
                ('fix_perfect', Remove_100(target='outcome')),
                ('clean_names', Clean_Colum_Names()),
                ('feature_select', 'passthrough'), ('fix_multi', 'passthrough'),
                ('dfs', 'passthrough'), ('pca', 'passthrough')],
         verbose=False)
2025-01-14 08:34:25,070:INFO:setup() succesfully completed......................................
2025-01-14 08:55:37,102:INFO:PyCaret Supervised Module
2025-01-14 08:55:37,102:INFO:ML Usecase: classification
2025-01-14 08:55:37,102:INFO:version 2.3.10
2025-01-14 08:55:37,102:INFO:Initializing setup()
2025-01-14 08:55:37,102:INFO:setup(target=outcome, ml_usecase=classification, available_plots={'parameter': 'Hyperparameters', 'auc': 'AUC', 'confusion_matrix': 'Confusion Matrix', 'threshold': 'Threshold', 'pr': 'Precision Recall', 'error': 'Prediction Error', 'class_report': 'Class Report', 'rfe': 'Feature Selection', 'learning': 'Learning Curve', 'manifold': 'Manifold Learning', 'calibration': 'Calibration Curve', 'vc': 'Validation Curve', 'dimension': 'Dimensions', 'feature': 'Feature Importance', 'feature_all': 'Feature Importance (All)', 'boundary': 'Decision Boundary', 'lift': 'Lift Chart', 'gain': 'Gain Chart', 'tree': 'Decision Tree', 'ks': 'KS Statistic Plot'}, train_size=0.7, test_data=None, preprocess=True, imputation_type=simple, iterative_imputation_iters=5, categorical_features=['age', 'document.sexo', 'UTI'], categorical_imputation=constant, categorical_iterative_imputer=lightgbm, ordinal_features=None, high_cardinality_features=None, high_cardinality_method=frequency, numeric_features=['document.freq_cardiaca(t)', 'document.freq_cardiaca(t-1)', 'document.freq_cardiaca(t-2)', 'document.freq_cardiaca(t-3)', 'document.freq_cardiaca(t-4)', 'document.freq_respiratoria(t)', 'document.freq_respiratoria(t-1)', 'document.freq_respiratoria(t-2)', 'document.freq_respiratoria(t-3)', 'document.freq_respiratoria(t-4)', 'document.glicemia_capilar(t)', 'document.glicemia_capilar(t-1)', 'document.glicemia_capilar(t-2)', 'document.glicemia_capilar(t-3)', 'document.glicemia_capilar(t-4)', 'document.pa_diastolica(t)', 'document.pa_diastolica(t-1)', 'document.pa_diastolica(t-2)', 'document.pa_diastolica(t-3)', 'document.pa_diastolica(t-4)', 'document.pa_sistolica(t)', 'document.pa_sistolica(t-1)', 'document.pa_sistolica(t-2)', 'document.pa_sistolica(t-3)', 'document.pa_sistolica(t-4)', 'document.sat_o2(t)', 'document.sat_o2(t-1)', 'document.sat_o2(t-2)', 'document.sat_o2(t-3)', 'document.sat_o2(t-4)', 'document.temperatura(t)', 'document.temperatura(t-1)', 'document.temperatura(t-2)', 'document.temperatura(t-3)', 'document.temperatura(t-4)', 'delta_document.freq_cardiaca_t-t1', 'delta_document.freq_cardiaca_t1-t2', 'delta_document.freq_cardiaca_t2-t3', 'delta_document.freq_cardiaca_t3-t4', 'delta_document.freq_respiratoria_t-t1', 'delta_document.freq_respiratoria_t1-t2', 'delta_document.freq_respiratoria_t2-t3', 'delta_document.freq_respiratoria_t3-t4', 'delta_document.glicemia_capilar_t-t1', 'delta_document.glicemia_capilar_t1-t2', 'delta_document.glicemia_capilar_t2-t3', 'delta_document.glicemia_capilar_t3-t4', 'delta_document.pa_diastolica_t-t1', 'delta_document.pa_diastolica_t1-t2', 'delta_document.pa_diastolica_t2-t3', 'delta_document.pa_diastolica_t3-t4', 'delta_document.pa_sistolica_t-t1', 'delta_document.pa_sistolica_t1-t2', 'delta_document.pa_sistolica_t2-t3', 'delta_document.pa_sistolica_t3-t4', 'delta_document.sat_o2_t-t1', 'delta_document.sat_o2_t1-t2', 'delta_document.sat_o2_t2-t3', 'delta_document.sat_o2_t3-t4', 'delta_document.temperatura_t-t1', 'delta_document.temperatura_t1-t2', 'delta_document.temperatura_t2-t3', 'delta_document.temperatura_t3-t4'], numeric_imputation=mean, numeric_iterative_imputer=lightgbm, date_features=None, ignore_features=['delta_collect_timestamp_t-t1', 'delta_collect_timestamp_t1-t2', 'delta_collect_timestamp_t2-t3', 'delta_collect_timestamp_t3-t4'], normalize=True, normalize_method=minmax, transformation=False, transformation_method=yeo-johnson, handle_unknown_categorical=True, unknown_categorical_method=least_frequent, pca=False, pca_method=linear, pca_components=None, ignore_low_variance=False, combine_rare_levels=False, rare_level_threshold=0.1, bin_numeric_features=None, remove_outliers=False, outliers_threshold=0.05, remove_multicollinearity=False, multicollinearity_threshold=0.9, remove_perfect_collinearity=True, create_clusters=False, cluster_iter=20, polynomial_features=False, polynomial_degree=2, trigonometry_features=False, polynomial_threshold=0.1, group_features=None, group_names=None, feature_selection=False, feature_selection_threshold=0.8, feature_selection_method=classic, feature_interaction=False, feature_ratio=False, interaction_threshold=0.01, fix_imbalance=False, fix_imbalance_method=None, transform_target=False, transform_target_method=box-cox, data_split_shuffle=True, data_split_stratify=True, fold_strategy=stratifiedkfold, fold=10, fold_shuffle=False, fold_groups=None, n_jobs=-1, use_gpu=False, custom_pipeline=None, html=True, session_id=111, log_experiment=False, experiment_name=None, experiment_custom_tags=None, log_plots=False, log_profile=False, log_data=False, silent=False, verbose=True, profile=False, profile_kwargs=None, display=None)
2025-01-14 08:55:37,102:INFO:Checking environment
2025-01-14 08:55:37,103:INFO:python_version: 3.8.10
2025-01-14 08:55:37,103:INFO:python_build: ('default', 'May 11 2021 07:01:05')
2025-01-14 08:55:37,103:INFO:machine: x86_64
2025-01-14 08:55:37,103:INFO:platform: Linux-5.4.0-172-generic-x86_64-with-glibc2.10
2025-01-14 08:55:37,103:INFO:Memory: svmem(total=202618376192, available=197591351296, percent=2.5, used=2565513216, free=131594760192, active=12686163968, inactive=54801571840, buffers=478232576, cached=67979870208, shared=644567040, slab=3247923200)
2025-01-14 08:55:37,103:INFO:Physical Core: 12
2025-01-14 08:55:37,103:INFO:Logical Core: 24
2025-01-14 08:55:37,103:INFO:Checking libraries
2025-01-14 08:55:37,103:INFO:pd==1.3.5
2025-01-14 08:55:37,103:INFO:numpy==1.19.5
2025-01-14 08:55:37,104:INFO:sklearn==0.23.2
2025-01-14 08:55:37,104:INFO:lightgbm==4.5.0
2025-01-14 08:55:37,104:INFO:catboost==1.2.7
2025-01-14 08:55:37,104:INFO:xgboost==1.5.2
2025-01-14 08:55:37,104:INFO:mlflow==2.17.2
2025-01-14 08:55:37,104:INFO:Checking Exceptions
2025-01-14 08:55:37,104:INFO:Declaring global variables
2025-01-14 08:55:37,104:INFO:USI: e8d9
2025-01-14 08:55:37,104:INFO:pycaret_globals: {'_available_plots', 'create_model_container', 'y_test', 'html_param', 'gpu_param', 'n_jobs_param', 'fold_shuffle_param', 'X_train', 'imputation_regressor', 'display_container', 'y_train', 'master_model_container', 'transform_target_param', '_all_models', 'fold_groups_param', 'experiment__', 'fix_imbalance_param', 'X', 'pycaret_globals', 'stratify_param', '_all_models_internal', 'logging_param', 'seed', 'fold_generator', 'prep_pipe', 'imputation_classifier', 'fold_groups_param_full', '_all_metrics', 'data_before_preprocess', 'log_plots_param', '_internal_pipeline', 'dashboard_logger', 'exp_name_log', 'fold_param', 'y', 'fix_imbalance_method_param', 'iterative_imputation_iters_param', '_ml_usecase', 'X_test', '_gpu_n_jobs_param', 'USI', 'target_param', 'transform_target_method_param'}
2025-01-14 08:55:37,104:INFO:Preparing display monitor
2025-01-14 08:55:37,104:INFO:Preparing display monitor
2025-01-14 08:55:37,110:INFO:Importing libraries
2025-01-14 08:55:37,111:INFO:Copying data for preprocessing
2025-01-14 08:55:37,119:INFO:Declaring preprocessing parameters
2025-01-14 08:55:37,124:INFO:Creating preprocessing pipeline
2025-01-14 08:55:37,139:INFO:Preprocessing pipeline created successfully
2025-01-14 08:55:37,140:ERROR:(Process Exit): setup has been interupted with user command 'quit'. setup must rerun.
2025-01-14 08:55:37,140:INFO:Creating global containers
2025-01-14 08:55:37,140:INFO:Internal pipeline: Pipeline(memory=None, steps=[('empty_step', 'passthrough')], verbose=False)
2025-01-14 08:55:40,064:INFO:Creating grid variables
2025-01-14 08:55:40,074:INFO:create_model_container: 0
2025-01-14 08:55:40,074:INFO:master_model_container: 0
2025-01-14 08:55:40,074:INFO:display_container: 1
2025-01-14 08:55:40,078:INFO:Pipeline(memory=None,
         steps=[('dtypes',
                 DataTypes_Auto_infer(categorical_features=['age',
                                                            'document.sexo',
                                                            'UTI'],
                                      display_types=True,
                                      features_todrop=['delta_collect_timestamp_t-t1',
                                                       'delta_collect_timestamp_t1-t2',
                                                       'delta_collect_timestamp_t2-t3',
                                                       'delta_collect_timestamp_t3-t4'],
                                      id_columns=['Unnamed: 0'],
                                      ml_usecase='classification',
                                      numerical_features=['do...
                ('P_transform', 'passthrough'), ('binn', 'passthrough'),
                ('rem_outliers', 'passthrough'), ('cluster_all', 'passthrough'),
                ('dummy', Dummify(target='outcome')),
                ('fix_perfect', Remove_100(target='outcome')),
                ('clean_names', Clean_Colum_Names()),
                ('feature_select', 'passthrough'), ('fix_multi', 'passthrough'),
                ('dfs', 'passthrough'), ('pca', 'passthrough')],
         verbose=False)
2025-01-14 08:55:40,078:INFO:setup() succesfully completed......................................
2025-01-14 08:55:45,710:INFO:Initializing compare_models()
2025-01-14 08:55:45,710:INFO:compare_models(include=None, fold=None, round=4, cross_validation=True, sort=Accuracy, n_select=1, budget_time=None, turbo=True, errors=ignore, fit_kwargs=None, groups=None, experiment_custom_tags=None, probability_threshold=None, verbose=True, display=None, exclude=['gbc'])
2025-01-14 08:55:45,711:INFO:Checking exceptions
2025-01-14 08:55:45,711:INFO:Preparing display monitor
2025-01-14 08:55:45,711:INFO:Preparing display monitor
2025-01-14 08:55:45,731:INFO:Initializing Logistic Regression
2025-01-14 08:55:45,731:INFO:Total runtime is 1.5735626220703124e-06 minutes
2025-01-14 08:55:45,738:INFO:SubProcess create_model() called ==================================
2025-01-14 08:55:45,739:INFO:Initializing create_model()
2025-01-14 08:55:45,739:INFO:create_model(estimator=lr, fold=StratifiedKFold(n_splits=10, random_state=None, shuffle=False), round=4, cross_validation=True, predict=True, fit_kwargs={}, groups=None, refit=False, verbose=False, system=False, metrics=None, experiment_custom_tags=None, add_to_model_list=True, probability_threshold=None, display=<pycaret.internal.Display.Display object at 0x7f9af3080340>, return_train_score=False, kwargs={})
2025-01-14 08:55:45,739:INFO:Checking exceptions
2025-01-14 08:55:45,739:INFO:Importing libraries
2025-01-14 08:55:45,739:INFO:Copying training dataset
2025-01-14 08:55:45,740:INFO:Defining folds
2025-01-14 08:55:45,740:INFO:Declaring metric variables
2025-01-14 08:55:45,748:INFO:Importing untrained model
2025-01-14 08:55:45,756:INFO:Logistic Regression Imported succesfully
2025-01-14 08:55:45,768:INFO:Starting cross validation
2025-01-14 08:55:45,769:INFO:Cross validating with StratifiedKFold(n_splits=10, random_state=None, shuffle=False), n_jobs=-1
2025-01-14 08:55:48,078:INFO:Calculating mean and std
2025-01-14 08:55:48,079:INFO:Creating metrics dataframe
2025-01-14 08:55:48,084:INFO:Uploading results into container
2025-01-14 08:55:48,084:INFO:Uploading model into container now
2025-01-14 08:55:48,084:INFO:create_model_container: 1
2025-01-14 08:55:48,084:INFO:master_model_container: 1
2025-01-14 08:55:48,084:INFO:display_container: 2
2025-01-14 08:55:48,084:INFO:LogisticRegression(C=1.0, class_weight=None, dual=False, fit_intercept=True,
                   intercept_scaling=1, l1_ratio=None, max_iter=1000,
                   multi_class='auto', n_jobs=None, penalty='l2',
                   random_state=111, solver='lbfgs', tol=0.0001, verbose=0,
                   warm_start=False)
2025-01-14 08:55:48,085:INFO:create_model() succesfully completed......................................
2025-01-14 08:55:48,181:INFO:SubProcess create_model() end ==================================
2025-01-14 08:55:48,181:INFO:Creating metrics dataframe
2025-01-14 08:55:48,194:INFO:Initializing K Neighbors Classifier
2025-01-14 08:55:48,194:INFO:Total runtime is 0.04105737606684367 minutes
2025-01-14 08:55:48,200:INFO:SubProcess create_model() called ==================================
2025-01-14 08:55:48,201:INFO:Initializing create_model()
2025-01-14 08:55:48,201:INFO:create_model(estimator=knn, fold=StratifiedKFold(n_splits=10, random_state=None, shuffle=False), round=4, cross_validation=True, predict=True, fit_kwargs={}, groups=None, refit=False, verbose=False, system=False, metrics=None, experiment_custom_tags=None, add_to_model_list=True, probability_threshold=None, display=<pycaret.internal.Display.Display object at 0x7f9af3080340>, return_train_score=False, kwargs={})
2025-01-14 08:55:48,201:INFO:Checking exceptions
2025-01-14 08:55:48,201:INFO:Importing libraries
2025-01-14 08:55:48,201:INFO:Copying training dataset
2025-01-14 08:55:48,202:INFO:Defining folds
2025-01-14 08:55:48,202:INFO:Declaring metric variables
2025-01-14 08:55:48,207:INFO:Importing untrained model
2025-01-14 08:55:48,213:INFO:K Neighbors Classifier Imported succesfully
2025-01-14 08:55:48,223:INFO:Starting cross validation
2025-01-14 08:55:48,223:INFO:Cross validating with StratifiedKFold(n_splits=10, random_state=None, shuffle=False), n_jobs=-1
2025-01-14 08:55:57,932:INFO:Calculating mean and std
2025-01-14 08:55:57,933:INFO:Creating metrics dataframe
2025-01-14 08:55:57,937:INFO:Uploading results into container
2025-01-14 08:55:57,937:INFO:Uploading model into container now
2025-01-14 08:55:57,937:INFO:create_model_container: 2
2025-01-14 08:55:57,937:INFO:master_model_container: 2
2025-01-14 08:55:57,937:INFO:display_container: 2
2025-01-14 08:55:57,937:INFO:KNeighborsClassifier(algorithm='auto', leaf_size=30, metric='minkowski',
                     metric_params=None, n_jobs=-1, n_neighbors=5, p=2,
                     weights='uniform')
2025-01-14 08:55:57,937:INFO:create_model() succesfully completed......................................
2025-01-14 08:55:58,018:INFO:SubProcess create_model() end ==================================
2025-01-14 08:55:58,018:INFO:Creating metrics dataframe
2025-01-14 08:55:58,030:INFO:Initializing Naive Bayes
2025-01-14 08:55:58,031:INFO:Total runtime is 0.20499382813771566 minutes
2025-01-14 08:55:58,039:INFO:SubProcess create_model() called ==================================
2025-01-14 08:55:58,039:INFO:Initializing create_model()
2025-01-14 08:55:58,039:INFO:create_model(estimator=nb, fold=StratifiedKFold(n_splits=10, random_state=None, shuffle=False), round=4, cross_validation=True, predict=True, fit_kwargs={}, groups=None, refit=False, verbose=False, system=False, metrics=None, experiment_custom_tags=None, add_to_model_list=True, probability_threshold=None, display=<pycaret.internal.Display.Display object at 0x7f9af3080340>, return_train_score=False, kwargs={})
2025-01-14 08:55:58,039:INFO:Checking exceptions
2025-01-14 08:55:58,039:INFO:Importing libraries
2025-01-14 08:55:58,039:INFO:Copying training dataset
2025-01-14 08:55:58,040:INFO:Defining folds
2025-01-14 08:55:58,040:INFO:Declaring metric variables
2025-01-14 08:55:58,047:INFO:Importing untrained model
2025-01-14 08:55:58,055:INFO:Naive Bayes Imported succesfully
2025-01-14 08:55:58,071:INFO:Starting cross validation
2025-01-14 08:55:58,072:INFO:Cross validating with StratifiedKFold(n_splits=10, random_state=None, shuffle=False), n_jobs=-1
2025-01-14 08:55:58,141:INFO:Calculating mean and std
2025-01-14 08:55:58,141:INFO:Creating metrics dataframe
2025-01-14 08:55:58,146:INFO:Uploading results into container
2025-01-14 08:55:58,146:INFO:Uploading model into container now
2025-01-14 08:55:58,146:INFO:create_model_container: 3
2025-01-14 08:55:58,146:INFO:master_model_container: 3
2025-01-14 08:55:58,146:INFO:display_container: 2
2025-01-14 08:55:58,147:INFO:GaussianNB(priors=None, var_smoothing=1e-09)
2025-01-14 08:55:58,147:INFO:create_model() succesfully completed......................................
2025-01-14 08:55:58,229:INFO:SubProcess create_model() end ==================================
2025-01-14 08:55:58,229:INFO:Creating metrics dataframe
2025-01-14 08:55:58,241:INFO:Initializing Decision Tree Classifier
2025-01-14 08:55:58,241:INFO:Total runtime is 0.20850897232691448 minutes
2025-01-14 08:55:58,247:INFO:SubProcess create_model() called ==================================
2025-01-14 08:55:58,247:INFO:Initializing create_model()
2025-01-14 08:55:58,247:INFO:create_model(estimator=dt, fold=StratifiedKFold(n_splits=10, random_state=None, shuffle=False), round=4, cross_validation=True, predict=True, fit_kwargs={}, groups=None, refit=False, verbose=False, system=False, metrics=None, experiment_custom_tags=None, add_to_model_list=True, probability_threshold=None, display=<pycaret.internal.Display.Display object at 0x7f9af3080340>, return_train_score=False, kwargs={})
2025-01-14 08:55:58,247:INFO:Checking exceptions
2025-01-14 08:55:58,247:INFO:Importing libraries
2025-01-14 08:55:58,247:INFO:Copying training dataset
2025-01-14 08:55:58,248:INFO:Defining folds
2025-01-14 08:55:58,249:INFO:Declaring metric variables
2025-01-14 08:55:58,254:INFO:Importing untrained model
2025-01-14 08:55:58,259:INFO:Decision Tree Classifier Imported succesfully
2025-01-14 08:55:58,269:INFO:Starting cross validation
2025-01-14 08:55:58,270:INFO:Cross validating with StratifiedKFold(n_splits=10, random_state=None, shuffle=False), n_jobs=-1
2025-01-14 08:55:59,274:INFO:Calculating mean and std
2025-01-14 08:55:59,275:INFO:Creating metrics dataframe
2025-01-14 08:55:59,279:INFO:Uploading results into container
2025-01-14 08:55:59,279:INFO:Uploading model into container now
2025-01-14 08:55:59,279:INFO:create_model_container: 4
2025-01-14 08:55:59,279:INFO:master_model_container: 4
2025-01-14 08:55:59,279:INFO:display_container: 2
2025-01-14 08:55:59,280:INFO:DecisionTreeClassifier(ccp_alpha=0.0, class_weight=None, criterion='gini',
                       max_depth=None, max_features=None, max_leaf_nodes=None,
                       min_impurity_decrease=0.0, min_impurity_split=None,
                       min_samples_leaf=1, min_samples_split=2,
                       min_weight_fraction_leaf=0.0, presort='deprecated',
                       random_state=111, splitter='best')
2025-01-14 08:55:59,280:INFO:create_model() succesfully completed......................................
2025-01-14 08:55:59,360:INFO:SubProcess create_model() end ==================================
2025-01-14 08:55:59,360:INFO:Creating metrics dataframe
2025-01-14 08:55:59,373:INFO:Initializing SVM - Linear Kernel
2025-01-14 08:55:59,373:INFO:Total runtime is 0.22736108700434368 minutes
2025-01-14 08:55:59,379:INFO:SubProcess create_model() called ==================================
2025-01-14 08:55:59,379:INFO:Initializing create_model()
2025-01-14 08:55:59,379:INFO:create_model(estimator=svm, fold=StratifiedKFold(n_splits=10, random_state=None, shuffle=False), round=4, cross_validation=True, predict=True, fit_kwargs={}, groups=None, refit=False, verbose=False, system=False, metrics=None, experiment_custom_tags=None, add_to_model_list=True, probability_threshold=None, display=<pycaret.internal.Display.Display object at 0x7f9af3080340>, return_train_score=False, kwargs={})
2025-01-14 08:55:59,379:INFO:Checking exceptions
2025-01-14 08:55:59,379:INFO:Importing libraries
2025-01-14 08:55:59,379:INFO:Copying training dataset
2025-01-14 08:55:59,380:INFO:Defining folds
2025-01-14 08:55:59,380:INFO:Declaring metric variables
2025-01-14 08:55:59,386:INFO:Importing untrained model
2025-01-14 08:55:59,392:INFO:SVM - Linear Kernel Imported succesfully
2025-01-14 08:55:59,403:INFO:Starting cross validation
2025-01-14 08:55:59,403:INFO:Cross validating with StratifiedKFold(n_splits=10, random_state=None, shuffle=False), n_jobs=-1
2025-01-14 08:55:59,777:INFO:Calculating mean and std
2025-01-14 08:55:59,777:INFO:Creating metrics dataframe
2025-01-14 08:55:59,781:INFO:Uploading results into container
2025-01-14 08:55:59,782:INFO:Uploading model into container now
2025-01-14 08:55:59,782:INFO:create_model_container: 5
2025-01-14 08:55:59,782:INFO:master_model_container: 5
2025-01-14 08:55:59,782:INFO:display_container: 2
2025-01-14 08:55:59,782:INFO:SGDClassifier(alpha=0.0001, average=False, class_weight=None,
              early_stopping=False, epsilon=0.1, eta0=0.001, fit_intercept=True,
              l1_ratio=0.15, learning_rate='optimal', loss='hinge',
              max_iter=1000, n_iter_no_change=5, n_jobs=-1, penalty='l2',
              power_t=0.5, random_state=111, shuffle=True, tol=0.001,
              validation_fraction=0.1, verbose=0, warm_start=False)
2025-01-14 08:55:59,782:INFO:create_model() succesfully completed......................................
2025-01-14 08:55:59,861:INFO:SubProcess create_model() end ==================================
2025-01-14 08:55:59,862:INFO:Creating metrics dataframe
2025-01-14 08:55:59,875:INFO:Initializing Ridge Classifier
2025-01-14 08:55:59,875:INFO:Total runtime is 0.23572914600372316 minutes
2025-01-14 08:55:59,880:INFO:SubProcess create_model() called ==================================
2025-01-14 08:55:59,880:INFO:Initializing create_model()
2025-01-14 08:55:59,881:INFO:create_model(estimator=ridge, fold=StratifiedKFold(n_splits=10, random_state=None, shuffle=False), round=4, cross_validation=True, predict=True, fit_kwargs={}, groups=None, refit=False, verbose=False, system=False, metrics=None, experiment_custom_tags=None, add_to_model_list=True, probability_threshold=None, display=<pycaret.internal.Display.Display object at 0x7f9af3080340>, return_train_score=False, kwargs={})
2025-01-14 08:55:59,881:INFO:Checking exceptions
2025-01-14 08:55:59,881:INFO:Importing libraries
2025-01-14 08:55:59,881:INFO:Copying training dataset
2025-01-14 08:55:59,881:INFO:Defining folds
2025-01-14 08:55:59,882:INFO:Declaring metric variables
2025-01-14 08:55:59,887:INFO:Importing untrained model
2025-01-14 08:55:59,892:INFO:Ridge Classifier Imported succesfully
2025-01-14 08:55:59,903:INFO:Starting cross validation
2025-01-14 08:55:59,903:INFO:Cross validating with StratifiedKFold(n_splits=10, random_state=None, shuffle=False), n_jobs=-1
2025-01-14 08:56:00,001:INFO:Calculating mean and std
2025-01-14 08:56:00,002:INFO:Creating metrics dataframe
2025-01-14 08:56:00,006:INFO:Uploading results into container
2025-01-14 08:56:00,006:INFO:Uploading model into container now
2025-01-14 08:56:00,006:INFO:create_model_container: 6
2025-01-14 08:56:00,006:INFO:master_model_container: 6
2025-01-14 08:56:00,006:INFO:display_container: 2
2025-01-14 08:56:00,006:INFO:RidgeClassifier(alpha=1.0, class_weight=None, copy_X=True, fit_intercept=True,
                max_iter=None, normalize=False, random_state=111, solver='auto',
                tol=0.001)
2025-01-14 08:56:00,006:INFO:create_model() succesfully completed......................................
2025-01-14 08:56:00,088:INFO:SubProcess create_model() end ==================================
2025-01-14 08:56:00,089:INFO:Creating metrics dataframe
2025-01-14 08:56:00,102:INFO:Initializing Random Forest Classifier
2025-01-14 08:56:00,102:INFO:Total runtime is 0.239513103167216 minutes
2025-01-14 08:56:00,108:INFO:SubProcess create_model() called ==================================
2025-01-14 08:56:00,108:INFO:Initializing create_model()
2025-01-14 08:56:00,108:INFO:create_model(estimator=rf, fold=StratifiedKFold(n_splits=10, random_state=None, shuffle=False), round=4, cross_validation=True, predict=True, fit_kwargs={}, groups=None, refit=False, verbose=False, system=False, metrics=None, experiment_custom_tags=None, add_to_model_list=True, probability_threshold=None, display=<pycaret.internal.Display.Display object at 0x7f9af3080340>, return_train_score=False, kwargs={})
2025-01-14 08:56:00,108:INFO:Checking exceptions
2025-01-14 08:56:00,108:INFO:Importing libraries
2025-01-14 08:56:00,108:INFO:Copying training dataset
2025-01-14 08:56:00,109:INFO:Defining folds
2025-01-14 08:56:00,109:INFO:Declaring metric variables
2025-01-14 08:56:00,114:INFO:Importing untrained model
2025-01-14 08:56:00,120:INFO:Random Forest Classifier Imported succesfully
2025-01-14 08:56:00,130:INFO:Starting cross validation
2025-01-14 08:56:00,130:INFO:Cross validating with StratifiedKFold(n_splits=10, random_state=None, shuffle=False), n_jobs=-1
2025-01-14 08:56:04,992:INFO:Calculating mean and std
2025-01-14 08:56:04,992:INFO:Creating metrics dataframe
2025-01-14 08:56:04,996:INFO:Uploading results into container
2025-01-14 08:56:04,996:INFO:Uploading model into container now
2025-01-14 08:56:04,996:INFO:create_model_container: 7
2025-01-14 08:56:04,996:INFO:master_model_container: 7
2025-01-14 08:56:04,996:INFO:display_container: 2
2025-01-14 08:56:04,997:INFO:RandomForestClassifier(bootstrap=True, ccp_alpha=0.0, class_weight=None,
                       criterion='gini', max_depth=None, max_features='auto',
                       max_leaf_nodes=None, max_samples=None,
                       min_impurity_decrease=0.0, min_impurity_split=None,
                       min_samples_leaf=1, min_samples_split=2,
                       min_weight_fraction_leaf=0.0, n_estimators=100,
                       n_jobs=-1, oob_score=False, random_state=111, verbose=0,
                       warm_start=False)
2025-01-14 08:56:04,997:INFO:create_model() succesfully completed......................................
2025-01-14 08:56:05,080:INFO:SubProcess create_model() end ==================================
2025-01-14 08:56:05,080:INFO:Creating metrics dataframe
2025-01-14 08:56:05,094:INFO:Initializing Quadratic Discriminant Analysis
2025-01-14 08:56:05,094:INFO:Total runtime is 0.32271143595377605 minutes
2025-01-14 08:56:05,099:INFO:SubProcess create_model() called ==================================
2025-01-14 08:56:05,100:INFO:Initializing create_model()
2025-01-14 08:56:05,100:INFO:create_model(estimator=qda, fold=StratifiedKFold(n_splits=10, random_state=None, shuffle=False), round=4, cross_validation=True, predict=True, fit_kwargs={}, groups=None, refit=False, verbose=False, system=False, metrics=None, experiment_custom_tags=None, add_to_model_list=True, probability_threshold=None, display=<pycaret.internal.Display.Display object at 0x7f9af3080340>, return_train_score=False, kwargs={})
2025-01-14 08:56:05,100:INFO:Checking exceptions
2025-01-14 08:56:05,100:INFO:Importing libraries
2025-01-14 08:56:05,100:INFO:Copying training dataset
2025-01-14 08:56:05,101:INFO:Defining folds
2025-01-14 08:56:05,101:INFO:Declaring metric variables
2025-01-14 08:56:05,106:INFO:Importing untrained model
2025-01-14 08:56:05,111:INFO:Quadratic Discriminant Analysis Imported succesfully
2025-01-14 08:56:05,122:INFO:Starting cross validation
2025-01-14 08:56:05,123:INFO:Cross validating with StratifiedKFold(n_splits=10, random_state=None, shuffle=False), n_jobs=-1
2025-01-14 08:56:05,584:INFO:Calculating mean and std
2025-01-14 08:56:05,585:INFO:Creating metrics dataframe
2025-01-14 08:56:05,589:INFO:Uploading results into container
2025-01-14 08:56:05,589:INFO:Uploading model into container now
2025-01-14 08:56:05,589:INFO:create_model_container: 8
2025-01-14 08:56:05,589:INFO:master_model_container: 8
2025-01-14 08:56:05,589:INFO:display_container: 2
2025-01-14 08:56:05,589:INFO:QuadraticDiscriminantAnalysis(priors=None, reg_param=0.0,
                              store_covariance=False, tol=0.0001)
2025-01-14 08:56:05,589:INFO:create_model() succesfully completed......................................
2025-01-14 08:56:05,670:INFO:SubProcess create_model() end ==================================
2025-01-14 08:56:05,670:INFO:Creating metrics dataframe
2025-01-14 08:56:05,683:INFO:Initializing Ada Boost Classifier
2025-01-14 08:56:05,683:INFO:Total runtime is 0.33254112402598063 minutes
2025-01-14 08:56:05,691:INFO:SubProcess create_model() called ==================================
2025-01-14 08:56:05,691:INFO:Initializing create_model()
2025-01-14 08:56:05,691:INFO:create_model(estimator=ada, fold=StratifiedKFold(n_splits=10, random_state=None, shuffle=False), round=4, cross_validation=True, predict=True, fit_kwargs={}, groups=None, refit=False, verbose=False, system=False, metrics=None, experiment_custom_tags=None, add_to_model_list=True, probability_threshold=None, display=<pycaret.internal.Display.Display object at 0x7f9af3080340>, return_train_score=False, kwargs={})
2025-01-14 08:56:05,691:INFO:Checking exceptions
2025-01-14 08:56:05,691:INFO:Importing libraries
2025-01-14 08:56:05,691:INFO:Copying training dataset
2025-01-14 08:56:05,692:INFO:Defining folds
2025-01-14 08:56:05,692:INFO:Declaring metric variables
2025-01-14 08:56:05,698:INFO:Importing untrained model
2025-01-14 08:56:05,703:INFO:Ada Boost Classifier Imported succesfully
2025-01-14 08:56:05,713:INFO:Starting cross validation
2025-01-14 08:56:05,714:INFO:Cross validating with StratifiedKFold(n_splits=10, random_state=None, shuffle=False), n_jobs=-1
2025-01-14 08:56:07,734:INFO:Calculating mean and std
2025-01-14 08:56:07,735:INFO:Creating metrics dataframe
2025-01-14 08:56:07,739:INFO:Uploading results into container
2025-01-14 08:56:07,739:INFO:Uploading model into container now
2025-01-14 08:56:07,739:INFO:create_model_container: 9
2025-01-14 08:56:07,739:INFO:master_model_container: 9
2025-01-14 08:56:07,739:INFO:display_container: 2
2025-01-14 08:56:07,739:INFO:AdaBoostClassifier(algorithm='SAMME.R', base_estimator=None, learning_rate=1.0,
                   n_estimators=50, random_state=111)
2025-01-14 08:56:07,739:INFO:create_model() succesfully completed......................................
2025-01-14 08:56:07,819:INFO:SubProcess create_model() end ==================================
2025-01-14 08:56:07,819:INFO:Creating metrics dataframe
2025-01-14 08:56:07,832:INFO:Initializing Linear Discriminant Analysis
2025-01-14 08:56:07,832:INFO:Total runtime is 0.3683526039123535 minutes
2025-01-14 08:56:07,838:INFO:SubProcess create_model() called ==================================
2025-01-14 08:56:07,838:INFO:Initializing create_model()
2025-01-14 08:56:07,838:INFO:create_model(estimator=lda, fold=StratifiedKFold(n_splits=10, random_state=None, shuffle=False), round=4, cross_validation=True, predict=True, fit_kwargs={}, groups=None, refit=False, verbose=False, system=False, metrics=None, experiment_custom_tags=None, add_to_model_list=True, probability_threshold=None, display=<pycaret.internal.Display.Display object at 0x7f9af3080340>, return_train_score=False, kwargs={})
2025-01-14 08:56:07,838:INFO:Checking exceptions
2025-01-14 08:56:07,838:INFO:Importing libraries
2025-01-14 08:56:07,838:INFO:Copying training dataset
2025-01-14 08:56:07,839:INFO:Defining folds
2025-01-14 08:56:07,839:INFO:Declaring metric variables
2025-01-14 08:56:07,844:INFO:Importing untrained model
2025-01-14 08:56:07,849:INFO:Linear Discriminant Analysis Imported succesfully
2025-01-14 08:56:07,859:INFO:Starting cross validation
2025-01-14 08:56:07,859:INFO:Cross validating with StratifiedKFold(n_splits=10, random_state=None, shuffle=False), n_jobs=-1
2025-01-14 08:56:08,451:INFO:Calculating mean and std
2025-01-14 08:56:08,451:INFO:Creating metrics dataframe
2025-01-14 08:56:08,455:INFO:Uploading results into container
2025-01-14 08:56:08,455:INFO:Uploading model into container now
2025-01-14 08:56:08,455:INFO:create_model_container: 10
2025-01-14 08:56:08,455:INFO:master_model_container: 10
2025-01-14 08:56:08,455:INFO:display_container: 2
2025-01-14 08:56:08,455:INFO:LinearDiscriminantAnalysis(n_components=None, priors=None, shrinkage=None,
                           solver='svd', store_covariance=False, tol=0.0001)
2025-01-14 08:56:08,455:INFO:create_model() succesfully completed......................................
2025-01-14 08:56:08,536:INFO:SubProcess create_model() end ==================================
2025-01-14 08:56:08,536:INFO:Creating metrics dataframe
2025-01-14 08:56:08,549:INFO:Initializing Extra Trees Classifier
2025-01-14 08:56:08,549:INFO:Total runtime is 0.38030486901601157 minutes
2025-01-14 08:56:08,555:INFO:SubProcess create_model() called ==================================
2025-01-14 08:56:08,555:INFO:Initializing create_model()
2025-01-14 08:56:08,555:INFO:create_model(estimator=et, fold=StratifiedKFold(n_splits=10, random_state=None, shuffle=False), round=4, cross_validation=True, predict=True, fit_kwargs={}, groups=None, refit=False, verbose=False, system=False, metrics=None, experiment_custom_tags=None, add_to_model_list=True, probability_threshold=None, display=<pycaret.internal.Display.Display object at 0x7f9af3080340>, return_train_score=False, kwargs={})
2025-01-14 08:56:08,555:INFO:Checking exceptions
2025-01-14 08:56:08,555:INFO:Importing libraries
2025-01-14 08:56:08,555:INFO:Copying training dataset
2025-01-14 08:56:08,556:INFO:Defining folds
2025-01-14 08:56:08,556:INFO:Declaring metric variables
2025-01-14 08:56:08,562:INFO:Importing untrained model
2025-01-14 08:56:08,567:INFO:Extra Trees Classifier Imported succesfully
2025-01-14 08:56:08,578:INFO:Starting cross validation
2025-01-14 08:56:08,578:INFO:Cross validating with StratifiedKFold(n_splits=10, random_state=None, shuffle=False), n_jobs=-1
2025-01-14 08:56:12,451:INFO:Calculating mean and std
2025-01-14 08:56:12,452:INFO:Creating metrics dataframe
2025-01-14 08:56:12,456:INFO:Uploading results into container
2025-01-14 08:56:12,456:INFO:Uploading model into container now
2025-01-14 08:56:12,456:INFO:create_model_container: 11
2025-01-14 08:56:12,456:INFO:master_model_container: 11
2025-01-14 08:56:12,456:INFO:display_container: 2
2025-01-14 08:56:12,456:INFO:ExtraTreesClassifier(bootstrap=False, ccp_alpha=0.0, class_weight=None,
                     criterion='gini', max_depth=None, max_features='auto',
                     max_leaf_nodes=None, max_samples=None,
                     min_impurity_decrease=0.0, min_impurity_split=None,
                     min_samples_leaf=1, min_samples_split=2,
                     min_weight_fraction_leaf=0.0, n_estimators=100, n_jobs=-1,
                     oob_score=False, random_state=111, verbose=0,
                     warm_start=False)
2025-01-14 08:56:12,456:INFO:create_model() succesfully completed......................................
2025-01-14 08:56:12,535:INFO:SubProcess create_model() end ==================================
2025-01-14 08:56:12,535:INFO:Creating metrics dataframe
2025-01-14 08:56:12,548:INFO:Initializing Extreme Gradient Boosting
2025-01-14 08:56:12,549:INFO:Total runtime is 0.4469596187273661 minutes
2025-01-14 08:56:12,555:INFO:SubProcess create_model() called ==================================
2025-01-14 08:56:12,555:INFO:Initializing create_model()
2025-01-14 08:56:12,555:INFO:create_model(estimator=xgboost, fold=StratifiedKFold(n_splits=10, random_state=None, shuffle=False), round=4, cross_validation=True, predict=True, fit_kwargs={}, groups=None, refit=False, verbose=False, system=False, metrics=None, experiment_custom_tags=None, add_to_model_list=True, probability_threshold=None, display=<pycaret.internal.Display.Display object at 0x7f9af3080340>, return_train_score=False, kwargs={})
2025-01-14 08:56:12,555:INFO:Checking exceptions
2025-01-14 08:56:12,555:INFO:Importing libraries
2025-01-14 08:56:12,555:INFO:Copying training dataset
2025-01-14 08:56:12,556:INFO:Defining folds
2025-01-14 08:56:12,556:INFO:Declaring metric variables
2025-01-14 08:56:12,563:INFO:Importing untrained model
2025-01-14 08:56:12,569:INFO:Extreme Gradient Boosting Imported succesfully
2025-01-14 08:56:12,581:INFO:Starting cross validation
2025-01-14 08:56:12,582:INFO:Cross validating with StratifiedKFold(n_splits=10, random_state=None, shuffle=False), n_jobs=-1
2025-01-14 09:26:10,330:INFO:Calculating mean and std
2025-01-14 09:26:10,331:INFO:Creating metrics dataframe
2025-01-14 09:26:10,335:INFO:Uploading results into container
2025-01-14 09:26:10,335:INFO:Uploading model into container now
2025-01-14 09:26:10,335:INFO:create_model_container: 12
2025-01-14 09:26:10,335:INFO:master_model_container: 12
2025-01-14 09:26:10,335:INFO:display_container: 2
2025-01-14 09:26:10,336:INFO:XGBClassifier(base_score=None, booster='gbtree', colsample_bylevel=None,
              colsample_bynode=None, colsample_bytree=None,
              enable_categorical=False, gamma=None, gpu_id=None,
              importance_type=None, interaction_constraints=None,
              learning_rate=None, max_delta_step=None, max_depth=None,
              min_child_weight=None, missing=nan, monotone_constraints=None,
              n_estimators=100, n_jobs=-1, num_parallel_tree=None,
              objective='binary:logistic', predictor=None, random_state=111,
              reg_alpha=None, reg_lambda=None, scale_pos_weight=None,
              subsample=None, tree_method='auto', use_label_encoder=True,
              validate_parameters=None, verbosity=0)
2025-01-14 09:26:10,336:INFO:create_model() succesfully completed......................................
2025-01-14 09:26:10,414:INFO:SubProcess create_model() end ==================================
2025-01-14 09:26:10,414:INFO:Creating metrics dataframe
2025-01-14 09:26:10,429:INFO:Initializing Light Gradient Boosting Machine
2025-01-14 09:26:10,429:INFO:Total runtime is 30.41163449684779 minutes
2025-01-14 09:26:10,436:INFO:SubProcess create_model() called ==================================
2025-01-14 09:26:10,436:INFO:Initializing create_model()
2025-01-14 09:26:10,436:INFO:create_model(estimator=lightgbm, fold=StratifiedKFold(n_splits=10, random_state=None, shuffle=False), round=4, cross_validation=True, predict=True, fit_kwargs={}, groups=None, refit=False, verbose=False, system=False, metrics=None, experiment_custom_tags=None, add_to_model_list=True, probability_threshold=None, display=<pycaret.internal.Display.Display object at 0x7f9af3080340>, return_train_score=False, kwargs={})
2025-01-14 09:26:10,436:INFO:Checking exceptions
2025-01-14 09:26:10,437:INFO:Importing libraries
2025-01-14 09:26:10,437:INFO:Copying training dataset
2025-01-14 09:26:10,437:INFO:Defining folds
2025-01-14 09:26:10,438:INFO:Declaring metric variables
2025-01-14 09:26:10,443:INFO:Importing untrained model
2025-01-14 09:26:10,449:INFO:Light Gradient Boosting Machine Imported succesfully
2025-01-14 09:26:10,460:INFO:Starting cross validation
2025-01-14 09:26:10,461:INFO:Cross validating with StratifiedKFold(n_splits=10, random_state=None, shuffle=False), n_jobs=-1
2025-01-14 09:26:14,279:INFO:Calculating mean and std
2025-01-14 09:26:14,280:INFO:Creating metrics dataframe
2025-01-14 09:26:14,285:INFO:Uploading results into container
2025-01-14 09:26:14,285:INFO:Uploading model into container now
2025-01-14 09:26:14,285:INFO:create_model_container: 13
2025-01-14 09:26:14,285:INFO:master_model_container: 13
2025-01-14 09:26:14,285:INFO:display_container: 2
2025-01-14 09:26:14,285:INFO:LGBMClassifier(boosting_type='gbdt', class_weight=None, colsample_bytree=1.0,
               importance_type='split', learning_rate=0.1, max_depth=-1,
               min_child_samples=20, min_child_weight=0.001, min_split_gain=0.0,
               n_estimators=100, n_jobs=-1, num_leaves=31, objective=None,
               random_state=111, reg_alpha=0.0, reg_lambda=0.0, subsample=1.0,
               subsample_for_bin=200000, subsample_freq=0)
2025-01-14 09:26:14,286:INFO:create_model() succesfully completed......................................
2025-01-14 09:26:14,380:INFO:SubProcess create_model() end ==================================
2025-01-14 09:26:14,380:INFO:Creating metrics dataframe
2025-01-14 09:26:14,395:INFO:Initializing CatBoost Classifier
2025-01-14 09:26:14,395:INFO:Total runtime is 30.477729360262554 minutes
2025-01-14 09:26:14,401:INFO:SubProcess create_model() called ==================================
2025-01-14 09:26:14,401:INFO:Initializing create_model()
2025-01-14 09:26:14,401:INFO:create_model(estimator=catboost, fold=StratifiedKFold(n_splits=10, random_state=None, shuffle=False), round=4, cross_validation=True, predict=True, fit_kwargs={}, groups=None, refit=False, verbose=False, system=False, metrics=None, experiment_custom_tags=None, add_to_model_list=True, probability_threshold=None, display=<pycaret.internal.Display.Display object at 0x7f9af3080340>, return_train_score=False, kwargs={})
2025-01-14 09:26:14,401:INFO:Checking exceptions
2025-01-14 09:26:14,401:INFO:Importing libraries
2025-01-14 09:26:14,401:INFO:Copying training dataset
2025-01-14 09:26:14,402:INFO:Defining folds
2025-01-14 09:26:14,402:INFO:Declaring metric variables
2025-01-14 09:26:14,408:INFO:Importing untrained model
2025-01-14 09:26:14,414:INFO:CatBoost Classifier Imported succesfully
2025-01-14 09:26:14,426:INFO:Starting cross validation
2025-01-14 09:26:14,427:INFO:Cross validating with StratifiedKFold(n_splits=10, random_state=None, shuffle=False), n_jobs=-1
2025-01-14 09:26:47,050:INFO:Calculating mean and std
2025-01-14 09:26:47,050:INFO:Creating metrics dataframe
2025-01-14 09:26:47,054:INFO:Uploading results into container
2025-01-14 09:26:47,054:INFO:Uploading model into container now
2025-01-14 09:26:47,054:INFO:create_model_container: 14
2025-01-14 09:26:47,054:INFO:master_model_container: 14
2025-01-14 09:26:47,054:INFO:display_container: 2
2025-01-14 09:26:47,054:INFO:<catboost.core.CatBoostClassifier object at 0x7f9af2fff1c0>
2025-01-14 09:26:47,054:INFO:create_model() succesfully completed......................................
2025-01-14 09:26:47,135:INFO:SubProcess create_model() end ==================================
2025-01-14 09:26:47,135:INFO:Creating metrics dataframe
2025-01-14 09:26:47,149:INFO:Initializing Dummy Classifier
2025-01-14 09:26:47,150:INFO:Total runtime is 31.023644836743674 minutes
2025-01-14 09:26:47,156:INFO:SubProcess create_model() called ==================================
2025-01-14 09:26:47,156:INFO:Initializing create_model()
2025-01-14 09:26:47,156:INFO:create_model(estimator=dummy, fold=StratifiedKFold(n_splits=10, random_state=None, shuffle=False), round=4, cross_validation=True, predict=True, fit_kwargs={}, groups=None, refit=False, verbose=False, system=False, metrics=None, experiment_custom_tags=None, add_to_model_list=True, probability_threshold=None, display=<pycaret.internal.Display.Display object at 0x7f9af3080340>, return_train_score=False, kwargs={})
2025-01-14 09:26:47,156:INFO:Checking exceptions
2025-01-14 09:26:47,156:INFO:Importing libraries
2025-01-14 09:26:47,156:INFO:Copying training dataset
2025-01-14 09:26:47,157:INFO:Defining folds
2025-01-14 09:26:47,157:INFO:Declaring metric variables
2025-01-14 09:26:47,162:INFO:Importing untrained model
2025-01-14 09:26:47,167:INFO:Dummy Classifier Imported succesfully
2025-01-14 09:26:47,178:INFO:Starting cross validation
2025-01-14 09:26:47,178:INFO:Cross validating with StratifiedKFold(n_splits=10, random_state=None, shuffle=False), n_jobs=-1
2025-01-14 09:26:47,236:INFO:Calculating mean and std
2025-01-14 09:26:47,236:INFO:Creating metrics dataframe
2025-01-14 09:26:47,240:INFO:Uploading results into container
2025-01-14 09:26:47,240:INFO:Uploading model into container now
2025-01-14 09:26:47,240:INFO:create_model_container: 15
2025-01-14 09:26:47,240:INFO:master_model_container: 15
2025-01-14 09:26:47,240:INFO:display_container: 2
2025-01-14 09:26:47,241:INFO:DummyClassifier(constant=None, random_state=111, strategy='prior')
2025-01-14 09:26:47,241:INFO:create_model() succesfully completed......................................
2025-01-14 09:26:47,321:INFO:SubProcess create_model() end ==================================
2025-01-14 09:26:47,321:INFO:Creating metrics dataframe
2025-01-14 09:26:47,350:INFO:Initializing create_model()
2025-01-14 09:26:47,350:INFO:create_model(estimator=<catboost.core.CatBoostClassifier object at 0x7f9af2fff1c0>, fold=StratifiedKFold(n_splits=10, random_state=None, shuffle=False), round=4, cross_validation=False, predict=False, fit_kwargs={}, groups=None, refit=True, verbose=False, system=False, metrics=None, experiment_custom_tags=None, add_to_model_list=True, probability_threshold=None, display=None, return_train_score=False, kwargs={})
2025-01-14 09:26:47,350:INFO:Checking exceptions
2025-01-14 09:26:47,350:INFO:Importing libraries
2025-01-14 09:26:47,350:INFO:Copying training dataset
2025-01-14 09:26:47,351:INFO:Defining folds
2025-01-14 09:26:47,351:INFO:Declaring metric variables
2025-01-14 09:26:47,351:INFO:Importing untrained model
2025-01-14 09:26:47,351:INFO:Declaring custom model
2025-01-14 09:26:47,351:INFO:CatBoost Classifier Imported succesfully
2025-01-14 09:26:47,351:INFO:Cross validation set to False
2025-01-14 09:26:47,351:INFO:Fitting Model
2025-01-14 09:26:50,889:INFO:<catboost.core.CatBoostClassifier object at 0x7f9af30167f0>
2025-01-14 09:26:50,889:INFO:create_models() succesfully completed......................................
2025-01-14 09:26:51,002:INFO:create_model_container: 15
2025-01-14 09:26:51,002:INFO:master_model_container: 15
2025-01-14 09:26:51,002:INFO:display_container: 2
2025-01-14 09:26:51,002:INFO:<catboost.core.CatBoostClassifier object at 0x7f9af30167f0>
2025-01-14 09:26:51,002:INFO:compare_models() succesfully completed......................................
2025-01-14 11:08:10,660:INFO:Initializing plot_model()
2025-01-14 11:08:10,661:INFO:plot_model(fold=None, use_train_data=False, verbose=True, is_in_evaluate=False, display=None, display_format=None, estimator=<catboost.core.CatBoostClassifier object at 0x7f9af30167f0>, feature_name=None, fit_kwargs=None, groups=None, label=False, plot=feature, plot_kwargs=None, save=False, scale=1, system=True)
2025-01-14 11:08:10,661:INFO:Checking exceptions
2025-01-14 11:08:10,661:INFO:Preparing display monitor
2025-01-14 11:08:10,666:INFO:Preloading libraries
2025-01-14 11:08:10,668:INFO:Copying training dataset
2025-01-14 11:08:10,669:INFO:Copying test dataset
2025-01-14 11:08:10,670:INFO:Plot type: feature
2025-01-14 11:08:10,671:WARNING:No coef_ found. Trying feature_importances_
2025-01-14 11:08:10,817:INFO:Visual Rendered Successfully
2025-01-14 11:08:10,897:INFO:plot_model() succesfully completed......................................
